#
# A fatal error has been detected by the Java Runtime Environment:
#
#  EXCEPTION_ACCESS_VIOLATION (0xc0000005) at pc=0x00007fffc3744c30, pid=8368, tid=8832
#
# JRE version: OpenJDK Runtime Environment (11.0.11+9) (build 11.0.11+9-b60-7590822)
# Java VM: OpenJDK 64-Bit Server VM (11.0.11+9-b60-7590822, mixed mode, tiered, compressed oops, g1 gc, windows-amd64)
# Problematic frame:
# V  [jvm.dll+0x624c30]
#
# No core dump will be written. Minidumps are not enabled by default on client versions of Windows
#
# If you would like to submit a bug report, please visit:
#   https://bugreport.java.com/bugreport/crash.jsp
#

---------------  S U M M A R Y ------------

Command Line: --add-opens=java.base/java.util=ALL-UNNAMED --add-opens=java.base/java.lang=ALL-UNNAMED --add-opens=java.base/java.lang.invoke=ALL-UNNAMED --add-opens=java.base/java.util=ALL-UNNAMED --add-opens=java.prefs/java.util.prefs=ALL-UNNAMED --add-opens=java.prefs/java.util.prefs=ALL-UNNAMED --add-opens=java.base/java.nio.charset=ALL-UNNAMED --add-opens=java.base/java.net=ALL-UNNAMED --add-opens=java.base/java.util.concurrent.atomic=ALL-UNNAMED -Xmx2048m -Dfile.encoding=UTF-8 -Duser.country=IN -Duser.language=en -Duser.variant org.gradle.launcher.daemon.bootstrap.GradleDaemon 7.2

Host: Intel(R) Core(TM) i5-4440 CPU @ 3.10GHz, 4 cores, 7G,  Windows 10 , 64 bit Build 19041 (10.0.19041.1566)
Time: Tue Mar 22 22:26:10 2022 India Standard Time elapsed time: 5752.412399 seconds (0d 1h 35m 52s)

---------------  T H R E A D  ---------------

Current thread (0x0000018b66a8c000):  VMThread "VM Thread" [stack: 0x0000004c05b00000,0x0000004c05c00000] [id=8832]

Stack: [0x0000004c05b00000,0x0000004c05c00000],  sp=0x0000004c05bfe9d8,  free space=1018k
Native frames: (J=compiled Java code, j=interpreted, Vv=VM code, C=native code)
V  [jvm.dll+0x624c30]


siginfo: EXCEPTION_ACCESS_VIOLATION (0xc0000005), reading address 0x0000000010000008


Register to memory mapping:

RIP=0x00007fffc3744c30 jvm.dll
RAX=0x000000008087cc20 is an oop: java.security.ProtectionDomain 
{0x000000008087cc20} - klass: 'java/security/ProtectionDomain'
RBX=0x0000000010000000 is an unknown value
RCX=0x0000000010000000 is an unknown value
RDX=0x0000000000000002 is an unknown value
RSP=0x0000004c05bfe9d8 points into unknown readable memory: 0x00007fffc33cb778 | 78 b7 3c c3 ff 7f 00 00
RBP=0x0000000000000008 is an unknown value
RSI=0x0000018b697b21e0 points into unknown readable memory: 0x0000000067661a09 | 09 1a 66 67 00 00 00 00
RDI=0x0000018b66a8ce90 points into unknown readable memory: 0x0000018b66a52d10 | 10 2d a5 66 8b 01 00 00
R8 =0x0000018b6778aa60 points into unknown readable memory: 0xb7d5278d000007e1 | e1 07 00 00 8d 27 d5 b7
R9 =0x000000000000060c is an unknown value
R10=0x00000000546c6148 is an unknown value
R11=0x0000004c05bfeb08 points into unknown readable memory: 0x00007fffc32efb29 | 29 fb 2e c3 ff 7f 00 00
R12=0x00007fffc3b1ad01 jvm.dll
R13=0x0000018b66a29440 points into unknown readable memory: 0x6365732e6176616a | 6a 61 76 61 2e 73 65 63
R14=0x0000018b687f9450 points into unknown readable memory: 0x0000000010000000 | 00 00 00 10 00 00 00 00
R15=0x00000000000000c4 is an unknown value


Registers:
RAX=0x000000008087cc20, RBX=0x0000000010000000, RCX=0x0000000010000000, RDX=0x0000000000000002
RSP=0x0000004c05bfe9d8, RBP=0x0000000000000008, RSI=0x0000018b697b21e0, RDI=0x0000018b66a8ce90
R8 =0x0000018b6778aa60, R9 =0x000000000000060c, R10=0x00000000546c6148, R11=0x0000004c05bfeb08
R12=0x00007fffc3b1ad01, R13=0x0000018b66a29440, R14=0x0000018b687f9450, R15=0x00000000000000c4
RIP=0x00007fffc3744c30, EFLAGS=0x0000000000010206

Top of Stack: (sp=0x0000004c05bfe9d8)
0x0000004c05bfe9d8:   00007fffc33cb778 0000000100094840
0x0000004c05bfe9e8:   0000018b6782b740 0000000000000004
0x0000004c05bfe9f8:   00007fffc312a7e5 0000018b0000060c
0x0000004c05bfea08:   0000018b6778aa60 0000000000003060
0x0000004c05bfea18:   0000018b66a8ce90 0000018b6831c130
0x0000004c05bfea28:   00007fffc36cab81 0000000100094840
0x0000004c05bfea38:   0000000000000000 0000000100000000
0x0000004c05bfea48:   0000000000000022 0000000000000000
0x0000004c05bfea58:   00007fffc3809e5a 0000000000000000
0x0000004c05bfea68:   0000018b686ea800 6d6f746e61685020
0x0000004c05bfea78:   636e657265666552 0000000000000000
0x0000004c05bfea88:   00007fffc380c6fd 0000018b4c795000
0x0000004c05bfea98:   0000018b684c7798 0000004c05bfeb00
0x0000004c05bfeaa8:   0000004c05bfea68 00007fffc39a0080
0x0000004c05bfeab8:   00007fffc36bbc90 000000000000006c
0x0000004c05bfeac8:   00007fffc371ac1a 00005fc56349ee6d 

Instructions: (pc=0x00007fffc3744c30)
0x00007fffc3744b30:   48 89 02 ff 46 2c 48 8b 74 24 50 48 83 c4 30 5f
0x00007fffc3744b40:   c3 cc cc cc cc cc cc cc cc cc cc cc cc cc cc cc
0x00007fffc3744b50:   48 89 5c 24 20 48 89 54 24 10 55 56 41 56 48 83
0x00007fffc3744b60:   ec 20 48 8b e9 48 8b 0a 48 8b 11 0f b6 c2 24 07
0x00007fffc3744b70:   3c 01 75 0f 48 8b f2 48 c1 ee 08 81 e6 ff ff ff
0x00007fffc3744b80:   7f 75 1e 0f b6 c2 24 03 3c 03 75 0d 48 8b f2 48
0x00007fffc3744b90:   c1 ee 08 0f ba f6 1f eb 08 e8 e2 a6 fb ff 48 8b
0x00007fffc3744ba0:   f0 48 8b 4c 24 48 33 d2 8b c6 48 89 4c 24 40 f7
0x00007fffc3744bb0:   75 00 48 8b 4d 08 4c 63 f2 48 89 7c 24 50 4a 8b
0x00007fffc3744bc0:   1c f1 48 85 db 74 2f 66 0f 1f 84 00 00 00 00 00
0x00007fffc3744bd0:   48 8b 4b 10 ff 15 46 12 37 00 48 8d 4c 24 40 48
0x00007fffc3744be0:   8b f8 e8 e9 61 d3 ff 48 3b f8 74 20 48 8b 5b 08
0x00007fffc3744bf0:   48 83 e3 fe 75 da 4c 8b 4c 24 48 44 8b c6 41 8b
0x00007fffc3744c00:   d6 48 8b cd e8 c7 fe ff ff 48 8b d8 48 8b 4b 10
0x00007fffc3744c10:   ff 15 52 11 37 00 48 8b 7c 24 50 48 8b c3 48 8b
0x00007fffc3744c20:   5c 24 58 48 83 c4 20 41 5e 5e 5d c3 cc cc cc cc
0x00007fffc3744c30:   48 8b 41 08 48 8b 48 10 48 ff 25 e1 11 37 00 cc
0x00007fffc3744c40:   48 89 6c 24 18 48 89 7c 24 20 41 56 48 83 ec 20
0x00007fffc3744c50:   44 8b 01 48 8b ea 44 8b 49 2c 48 8d 15 37 e3 24
0x00007fffc3744c60:   00 4c 8b f1 48 8b cd e8 04 f7 fc ff 33 ff 41 39
0x00007fffc3744c70:   3e 7e 5b 48 89 5c 24 30 48 89 74 24 38 8b f7 90
0x00007fffc3744c80:   49 8b 46 08 48 8b 1c 06 48 85 db 74 2c 0f 1f 00
0x00007fffc3744c90:   48 8b 4b 10 ff 15 86 11 37 00 44 8b c7 48 8d 15
0x00007fffc3744ca0:   34 e3 24 00 4c 8b c8 48 8b cd e8 c1 f6 fc ff 48
0x00007fffc3744cb0:   8b 5b 08 48 83 e3 fe 75 d7 ff c7 48 83 c6 08 41
0x00007fffc3744cc0:   3b 3e 7c bc 48 8b 74 24 38 48 8b 5c 24 30 48 8b
0x00007fffc3744cd0:   6c 24 40 48 8b 7c 24 48 48 83 c4 20 41 5e c3 cc
0x00007fffc3744ce0:   48 89 5c 24 08 48 89 74 24 10 57 48 83 ec 30 8b
0x00007fffc3744cf0:   44 24 78 49 8b f0 f2 0f 10 44 24 68 48 8b f9 89
0x00007fffc3744d00:   44 24 28 f2 0f 11 44 24 20 e8 42 93 a8 ff 48 8d
0x00007fffc3744d10:   05 f3 e2 24 00 48 8d 8f f8 00 00 00 48 89 07 e8
0x00007fffc3744d20:   9c 11 cf ff 48 8b 05 dd 42 37 00 0f 57 c0 f2 48 


Stack slot to memory mapping:
stack at sp + 0 slots: 0x00007fffc33cb778 jvm.dll
stack at sp + 1 slots: 0x0000000100094840 is pointing into metadata
stack at sp + 2 slots: 0x0000018b6782b740 points into unknown readable memory: 0x0000018b6759ead0 | d0 ea 59 67 8b 01 00 00
stack at sp + 3 slots: 0x0000000000000004 is an unknown value
stack at sp + 4 slots: 0x00007fffc312a7e5 jvm.dll
stack at sp + 5 slots: 0x0000018b0000060c is an unknown value
stack at sp + 6 slots: 0x0000018b6778aa60 points into unknown readable memory: 0xb7d5278d000007e1 | e1 07 00 00 8d 27 d5 b7
stack at sp + 7 slots: 0x0000000000003060 is an unknown value

VM_Operation (0x0000004c057ff740): CGC_Operation, mode: safepoint, requested by thread 0x0000018b4c7c5800


---------------  P R O C E S S  ---------------

Threads class SMR info:
_java_thread_list=0x0000018b71d595e0, length=81, elements={
0x0000018b4c77c800, 0x0000018b66a91000, 0x0000018b66a94000, 0x0000018b67432800,
0x0000018b66aad800, 0x0000018b66aaf800, 0x0000018b66ab2800, 0x0000018b66ab6800,
0x0000018b66ac2800, 0x0000018b67579000, 0x0000018b68480800, 0x0000018b68494800,
0x0000018b6992a800, 0x0000018b697cf000, 0x0000018b697d0000, 0x0000018b697d1000,
0x0000018b697d1800, 0x0000018b697cd800, 0x0000018b69bd8000, 0x0000018b69bd5800,
0x0000018b69bd8800, 0x0000018b69bda000, 0x0000018b69bd9800, 0x0000018b6e45d800,
0x0000018b6e466800, 0x0000018b6ebb2800, 0x0000018b71465800, 0x0000018b6ebae000,
0x0000018b6ebb3800, 0x0000018b6ebb2000, 0x0000018b6ebb4800, 0x0000018b6ebae800,
0x0000018b6ebb5000, 0x0000018b6ebaf800, 0x0000018b6ebb6000, 0x0000018b6ebb1000,
0x0000018b6ebb0800, 0x0000018b6ebbc800, 0x0000018b6ebb7000, 0x0000018b6ebba000,
0x0000018b6ebb9000, 0x0000018b6ebbb000, 0x0000018b6ebb7800, 0x0000018b6ebbb800,
0x0000018b6ebb8800, 0x0000018b71460000, 0x0000018b71464000, 0x0000018b71460800,
0x0000018b71461800, 0x0000018b71462800, 0x0000018b71463000, 0x0000018b7145f000,
0x0000018b7145e800, 0x0000018b71466800, 0x0000018b71469000, 0x0000018b71465000,
0x0000018b71467800, 0x0000018b71468000, 0x0000018b71469800, 0x0000018b7146a800,
0x0000018b7146b800, 0x0000018b7146c000, 0x0000018b7146d000, 0x0000018b6e45e000,
0x0000018b6e45b000, 0x0000018b6e45c800, 0x0000018b6e45b800, 0x0000018b6e458800,
0x0000018b6e459000, 0x0000018b6e45f000, 0x0000018b6e45f800, 0x0000018b6e45a000,
0x0000018b6e460800, 0x0000018b6e461800, 0x0000018b6e462000, 0x0000018b6e463000,
0x0000018b6e467000, 0x0000018b6e464000, 0x0000018b6e464800, 0x0000018b697d4000,
0x0000018b686ea800
}

Java Threads: ( => current thread )
  0x0000018b4c77c800 JavaThread "main" [_thread_blocked, id=9956, stack(0x0000004c05500000,0x0000004c05600000)]
  0x0000018b66a91000 JavaThread "Reference Handler" daemon [_thread_blocked, id=8820, stack(0x0000004c05c00000,0x0000004c05d00000)]
  0x0000018b66a94000 JavaThread "Finalizer" daemon [_thread_blocked, id=2400, stack(0x0000004c05d00000,0x0000004c05e00000)]
  0x0000018b67432800 JavaThread "Signal Dispatcher" daemon [_thread_blocked, id=6256, stack(0x0000004c05e00000,0x0000004c05f00000)]
  0x0000018b66aad800 JavaThread "Attach Listener" daemon [_thread_blocked, id=5432, stack(0x0000004c05f00000,0x0000004c06000000)]
  0x0000018b66aaf800 JavaThread "Service Thread" daemon [_thread_blocked, id=2284, stack(0x0000004c06000000,0x0000004c06100000)]
  0x0000018b66ab2800 JavaThread "C2 CompilerThread0" daemon [_thread_blocked, id=6648, stack(0x0000004c06100000,0x0000004c06200000)]
  0x0000018b66ab6800 JavaThread "C1 CompilerThread0" daemon [_thread_blocked, id=8972, stack(0x0000004c06200000,0x0000004c06300000)]
  0x0000018b66ac2800 JavaThread "Sweeper thread" daemon [_thread_blocked, id=8868, stack(0x0000004c06300000,0x0000004c06400000)]
  0x0000018b67579000 JavaThread "Common-Cleaner" daemon [_thread_blocked, id=8240, stack(0x0000004c06400000,0x0000004c06500000)]
  0x0000018b68480800 JavaThread "Daemon health stats" [_thread_blocked, id=7268, stack(0x0000004c06900000,0x0000004c06a00000)]
  0x0000018b68494800 JavaThread "Incoming local TCP Connector on port 52411" [_thread_in_native, id=4292, stack(0x0000004c06a00000,0x0000004c06b00000)]
  0x0000018b6992a800 JavaThread "Daemon periodic checks" [_thread_blocked, id=4632, stack(0x0000004c06b00000,0x0000004c06c00000)]
  0x0000018b697cf000 JavaThread "Cache worker for journal cache (C:\Users\palla\.gradle\caches\journal-1)" [_thread_blocked, id=9080, stack(0x0000004c06600000,0x0000004c06700000)]
  0x0000018b697d0000 JavaThread "File lock request listener" [_thread_in_native, id=8432, stack(0x0000004c07400000,0x0000004c07500000)]
  0x0000018b697d1000 JavaThread "Cache worker for file hash cache (C:\Users\palla\.gradle\caches\7.2\fileHashes)" [_thread_blocked, id=5016, stack(0x0000004c07500000,0x0000004c07600000)]
  0x0000018b697d1800 JavaThread "File watcher server" daemon [_thread_blocked, id=9884, stack(0x0000004c07800000,0x0000004c07900000)]
  0x0000018b697cd800 JavaThread "File watcher consumer" daemon [_thread_blocked, id=9268, stack(0x0000004c07900000,0x0000004c07a00000)]
  0x0000018b69bd8000 JavaThread "Cache worker for execution history cache (C:\Users\palla\.gradle\caches\7.2\executionHistory)" [_thread_blocked, id=4804, stack(0x0000004c07d00000,0x0000004c07e00000)]
  0x0000018b69bd5800 JavaThread "jar transforms" [_thread_blocked, id=4652, stack(0x0000004c07e00000,0x0000004c07f00000)]
  0x0000018b69bd8800 JavaThread "Cache worker for file content cache (C:\Users\palla\.gradle\caches\7.2\fileContent)" [_thread_blocked, id=6888, stack(0x0000004c07f00000,0x0000004c08000000)]
  0x0000018b69bda000 JavaThread "jar transforms Thread 2" [_thread_blocked, id=1440, stack(0x0000004c08000000,0x0000004c08100000)]
  0x0000018b69bd9800 JavaThread "jar transforms Thread 3" [_thread_blocked, id=8640, stack(0x0000004c08200000,0x0000004c08300000)]
  0x0000018b6e45d800 JavaThread "jar transforms Thread 4" [_thread_blocked, id=8540, stack(0x0000004c0ac00000,0x0000004c0ad00000)]
  0x0000018b6e466800 JavaThread "Memory manager" [_thread_blocked, id=6764, stack(0x0000004c0ad00000,0x0000004c0ae00000)]
  0x0000018b6ebb2800 JavaThread "Cache worker for Java compile cache (C:\Users\palla\.gradle\caches\7.2\javaCompile)" [_thread_blocked, id=6500, stack(0x0000004c0ba00000,0x0000004c0bb00000)]
  0x0000018b71465800 JavaThread "ForkJoinPool.commonPool-worker-1" daemon [_thread_blocked, id=8792, stack(0x0000004c07b00000,0x0000004c07c00000)]
  0x0000018b6ebae000 JavaThread "Daemon Thread 4" [_thread_blocked, id=1476, stack(0x0000004c05200000,0x0000004c05300000)]
  0x0000018b6ebb3800 JavaThread "Handler for socket connection from /127.0.0.1:52411 to /127.0.0.1:51666" [_thread_in_native, id=5720, stack(0x0000004c05300000,0x0000004c05400000)]
  0x0000018b6ebb2000 JavaThread "Cancel handler" [_thread_blocked, id=2644, stack(0x0000004c05400000,0x0000004c05500000)]
  0x0000018b6ebb4800 JavaThread "Daemon worker Thread 4" [_thread_blocked, id=10056, stack(0x0000004c06c00000,0x0000004c06d00000)]
  0x0000018b6ebae800 JavaThread "Asynchronous log dispatcher for DefaultDaemonConnection: socket connection from /127.0.0.1:52411 to /127.0.0.1:51666" [_thread_blocked, id=2528, stack(0x0000004c06d00000,0x0000004c06e00000)]
  0x0000018b6ebb5000 JavaThread "Stdin handler" [_thread_blocked, id=6112, stack(0x0000004c06e00000,0x0000004c06f00000)]
  0x0000018b6ebaf800 JavaThread "Daemon client event forwarder" [_thread_blocked, id=7356, stack(0x0000004c06f00000,0x0000004c07000000)]
  0x0000018b6ebb6000 JavaThread "Cache worker for file hash cache (E:\AndroidStudioProjects\SMSHelper\.gradle\7.2\fileHashes)" [_thread_blocked, id=9224, stack(0x0000004c07000000,0x0000004c07100000)]
  0x0000018b6ebb1000 JavaThread "Cache worker for checksums cache (E:\AndroidStudioProjects\SMSHelper\.gradle\checksums)" [_thread_blocked, id=7040, stack(0x0000004c07100000,0x0000004c07200000)]
  0x0000018b6ebb0800 JavaThread "Cache worker for cache directory md-supplier (C:\Users\palla\.gradle\caches\7.2\md-supplier)" [_thread_blocked, id=4604, stack(0x0000004c07200000,0x0000004c07300000)]
  0x0000018b6ebbc800 JavaThread "Cache worker for cache directory md-rule (C:\Users\palla\.gradle\caches\7.2\md-rule)" [_thread_blocked, id=6380, stack(0x0000004c07600000,0x0000004c07700000)]
  0x0000018b6ebb7000 JavaThread "Cache worker for dependencies-accessors (E:\AndroidStudioProjects\SMSHelper\.gradle\7.2\dependencies-accessors)" [_thread_blocked, id=7092, stack(0x0000004c07700000,0x0000004c07800000)]
  0x0000018b6ebba000 JavaThread "Cache worker for Build Output Cleanup Cache (E:\AndroidStudioProjects\SMSHelper\.gradle\buildOutputCleanup)" [_thread_blocked, id=1012, stack(0x0000004c07a00000,0x0000004c07b00000)]
  0x0000018b6ebb9000 JavaThread "Unconstrained build operations" [_thread_blocked, id=2748, stack(0x0000004c07c00000,0x0000004c07d00000)]
  0x0000018b6ebbb000 JavaThread "Unconstrained build operations Thread 2" [_thread_blocked, id=9704, stack(0x0000004c08100000,0x0000004c08200000)]
  0x0000018b6ebb7800 JavaThread "Unconstrained build operations Thread 3" [_thread_blocked, id=7152, stack(0x0000004c08300000,0x0000004c08400000)]
  0x0000018b6ebbb800 JavaThread "Unconstrained build operations Thread 4" [_thread_blocked, id=8704, stack(0x0000004c08400000,0x0000004c08500000)]
  0x0000018b6ebb8800 JavaThread "Unconstrained build operations Thread 5" [_thread_blocked, id=2340, stack(0x0000004c08500000,0x0000004c08600000)]
  0x0000018b71460000 JavaThread "Unconstrained build operations Thread 6" [_thread_blocked, id=7056, stack(0x0000004c08600000,0x0000004c08700000)]
  0x0000018b71464000 JavaThread "Unconstrained build operations Thread 7" [_thread_blocked, id=1332, stack(0x0000004c08700000,0x0000004c08800000)]
  0x0000018b71460800 JavaThread "Unconstrained build operations Thread 8" [_thread_blocked, id=2196, stack(0x0000004c08800000,0x0000004c08900000)]
  0x0000018b71461800 JavaThread "Unconstrained build operations Thread 9" [_thread_blocked, id=9744, stack(0x0000004c08900000,0x0000004c08a00000)]
  0x0000018b71462800 JavaThread "Unconstrained build operations Thread 10" [_thread_blocked, id=9128, stack(0x0000004c08a00000,0x0000004c08b00000)]
  0x0000018b71463000 JavaThread "Unconstrained build operations Thread 11" [_thread_blocked, id=8396, stack(0x0000004c08b00000,0x0000004c08c00000)]
  0x0000018b7145f000 JavaThread "Unconstrained build operations Thread 12" [_thread_blocked, id=8872, stack(0x0000004c08c00000,0x0000004c08d00000)]
  0x0000018b7145e800 JavaThread "Unconstrained build operations Thread 13" [_thread_blocked, id=2380, stack(0x0000004c08d00000,0x0000004c08e00000)]
  0x0000018b71466800 JavaThread "Unconstrained build operations Thread 14" [_thread_blocked, id=6592, stack(0x0000004c08e00000,0x0000004c08f00000)]
  0x0000018b71469000 JavaThread "Unconstrained build operations Thread 15" [_thread_blocked, id=4788, stack(0x0000004c08f00000,0x0000004c09000000)]
  0x0000018b71465000 JavaThread "Unconstrained build operations Thread 16" [_thread_blocked, id=2604, stack(0x0000004c09000000,0x0000004c09100000)]
  0x0000018b71467800 JavaThread "Unconstrained build operations Thread 17" [_thread_blocked, id=10116, stack(0x0000004c09100000,0x0000004c09200000)]
  0x0000018b71468000 JavaThread "Unconstrained build operations Thread 18" [_thread_blocked, id=9052, stack(0x0000004c09200000,0x0000004c09300000)]
  0x0000018b71469800 JavaThread "Unconstrained build operations Thread 19" [_thread_blocked, id=4620, stack(0x0000004c09300000,0x0000004c09400000)]
  0x0000018b7146a800 JavaThread "Unconstrained build operations Thread 20" [_thread_blocked, id=6036, stack(0x0000004c09400000,0x0000004c09500000)]
  0x0000018b7146b800 JavaThread "Unconstrained build operations Thread 21" [_thread_blocked, id=9828, stack(0x0000004c09500000,0x0000004c09600000)]
  0x0000018b7146c000 JavaThread "Unconstrained build operations Thread 22" [_thread_blocked, id=9408, stack(0x0000004c09600000,0x0000004c09700000)]
  0x0000018b7146d000 JavaThread "Unconstrained build operations Thread 23" [_thread_blocked, id=3368, stack(0x0000004c09700000,0x0000004c09800000)]
  0x0000018b6e45e000 JavaThread "Unconstrained build operations Thread 24" [_thread_blocked, id=7732, stack(0x0000004c09800000,0x0000004c09900000)]
  0x0000018b6e45b000 JavaThread "Unconstrained build operations Thread 25" [_thread_blocked, id=7140, stack(0x0000004c09900000,0x0000004c09a00000)]
  0x0000018b6e45c800 JavaThread "Unconstrained build operations Thread 26" [_thread_blocked, id=3012, stack(0x0000004c09a00000,0x0000004c09b00000)]
  0x0000018b6e45b800 JavaThread "Unconstrained build operations Thread 27" [_thread_blocked, id=6244, stack(0x0000004c09b00000,0x0000004c09c00000)]
  0x0000018b6e458800 JavaThread "Unconstrained build operations Thread 28" [_thread_blocked, id=2268, stack(0x0000004c09c00000,0x0000004c09d00000)]
  0x0000018b6e459000 JavaThread "Unconstrained build operations Thread 29" [_thread_blocked, id=7148, stack(0x0000004c09d00000,0x0000004c09e00000)]
  0x0000018b6e45f000 JavaThread "Unconstrained build operations Thread 30" [_thread_blocked, id=3016, stack(0x0000004c09e00000,0x0000004c09f00000)]
  0x0000018b6e45f800 JavaThread "Unconstrained build operations Thread 31" [_thread_blocked, id=10156, stack(0x0000004c09f00000,0x0000004c0a000000)]
  0x0000018b6e45a000 JavaThread "Unconstrained build operations Thread 32" [_thread_blocked, id=5772, stack(0x0000004c0a000000,0x0000004c0a100000)]
  0x0000018b6e460800 JavaThread "Unconstrained build operations Thread 33" [_thread_blocked, id=9844, stack(0x0000004c0a100000,0x0000004c0a200000)]
  0x0000018b6e461800 JavaThread "Unconstrained build operations Thread 34" [_thread_blocked, id=10196, stack(0x0000004c0a200000,0x0000004c0a300000)]
  0x0000018b6e462000 JavaThread "Unconstrained build operations Thread 35" [_thread_blocked, id=8416, stack(0x0000004c0a300000,0x0000004c0a400000)]
  0x0000018b6e463000 JavaThread "Unconstrained build operations Thread 36" [_thread_blocked, id=8764, stack(0x0000004c0a400000,0x0000004c0a500000)]
  0x0000018b6e467000 JavaThread "Unconstrained build operations Thread 37" [_thread_blocked, id=8284, stack(0x0000004c0a500000,0x0000004c0a600000)]
  0x0000018b6e464000 JavaThread "Unconstrained build operations Thread 38" [_thread_blocked, id=3532, stack(0x0000004c0a600000,0x0000004c0a700000)]
  0x0000018b6e464800 JavaThread "Unconstrained build operations Thread 39" [_thread_blocked, id=1716, stack(0x0000004c0a700000,0x0000004c0a800000)]
  0x0000018b697d4000 JavaThread "Unconstrained build operations Thread 40" [_thread_blocked, id=7964, stack(0x0000004c0a800000,0x0000004c0a900000)]
  0x0000018b686ea800 JavaThread "C2 CompilerThread1" daemon [_thread_blocked, id=7240, stack(0x0000004c0a900000,0x0000004c0aa00000)]

Other Threads:
=>0x0000018b66a8c000 VMThread "VM Thread" [stack: 0x0000004c05b00000,0x0000004c05c00000] [id=8832]
  0x0000018b67582000 WatcherThread [stack: 0x0000004c06500000,0x0000004c06600000] [id=2808]
  0x0000018b4c795000 GCTaskThread "GC Thread#0" [stack: 0x0000004c05600000,0x0000004c05700000] [id=1084]
  0x0000018b680a9000 GCTaskThread "GC Thread#1" [stack: 0x0000004c06700000,0x0000004c06800000] [id=3312]
  0x0000018b6813d800 GCTaskThread "GC Thread#2" [stack: 0x0000004c06800000,0x0000004c06900000] [id=3568]
  0x0000018b683ed000 GCTaskThread "GC Thread#3" [stack: 0x0000004c07300000,0x0000004c07400000] [id=4872]
  0x0000018b4c7c5800 ConcurrentGCThread "G1 Main Marker" [stack: 0x0000004c05700000,0x0000004c05800000] [id=8016]
  0x0000018b4c7c8000 ConcurrentGCThread "G1 Conc#0" [stack: 0x0000004c05800000,0x0000004c05900000] [id=788]
  0x0000018b4c856800 ConcurrentGCThread "G1 Refine#0" [stack: 0x0000004c05900000,0x0000004c05a00000] [id=9656]
  0x0000018b4c857800 ConcurrentGCThread "G1 Young RemSet Sampling" [stack: 0x0000004c05a00000,0x0000004c05b00000] [id=5324]

Threads with active compile tasks:
C2 CompilerThread05752485 17604       4       org.gradle.api.internal.DefaultMutationGuard::isMutationAllowed (21 bytes)
C2 CompilerThread15752485 17536   !   4       java.util.concurrent.ThreadPoolExecutor::getTask (177 bytes)

VM state:at safepoint (normal execution)

VM Mutex/Monitor currently owned by a thread:  ([mutex/lock_event])
[0x0000018b4c778870] Threads_lock - owner thread: 0x0000018b66a8c000
[0x0000018b4c777940] Heap_lock - owner thread: 0x0000018b4c7c5800

Heap address: 0x0000000080000000, size: 2048 MB, Compressed Oops mode: 32-bit
Narrow klass base: 0x0000000000000000, Narrow klass shift: 3
Compressed class space size: 1073741824 Address: 0x0000000100000000

Heap:
 garbage-first heap   total 189440K, used 98218K [0x0000000080000000, 0x0000000100000000)
  region size 1024K, 8 young (8192K), 2 survivors (2048K)
 Metaspace       used 116284K, capacity 119405K, committed 119660K, reserved 1153024K
  class space    used 14962K, capacity 16162K, committed 16280K, reserved 1048576K
Heap Regions: E=young(eden), S=young(survivor), O=old, HS=humongous(starts), HC=humongous(continues), CS=collection set, F=free, A=archive, TAMS=top-at-mark-start (previous, next)
|   0|0x0000000080000000, 0x0000000080100000, 0x0000000080100000|100%| O|  |TAMS 0x0000000080100000, 0x0000000080100000| Untracked 
|   1|0x0000000080100000, 0x0000000080200000, 0x0000000080200000|100%| O|  |TAMS 0x0000000080200000, 0x0000000080200000| Untracked 
|   2|0x0000000080200000, 0x0000000080300000, 0x0000000080300000|100%| O|  |TAMS 0x0000000080300000, 0x0000000080300000| Untracked 
|   3|0x0000000080300000, 0x0000000080400000, 0x0000000080400000|100%|HS|  |TAMS 0x0000000080400000, 0x0000000080400000| Complete 
|   4|0x0000000080400000, 0x0000000080500000, 0x0000000080500000|100%|HC|  |TAMS 0x0000000080500000, 0x0000000080500000| Complete 
|   5|0x0000000080500000, 0x0000000080600000, 0x0000000080600000|100%|HC|  |TAMS 0x0000000080600000, 0x0000000080600000| Complete 
|   6|0x0000000080600000, 0x0000000080700000, 0x0000000080700000|100%| O|  |TAMS 0x0000000080700000, 0x0000000080700000| Untracked 
|   7|0x0000000080700000, 0x0000000080800000, 0x0000000080800000|100%| O|  |TAMS 0x0000000080800000, 0x0000000080800000| Untracked 
|   8|0x0000000080800000, 0x0000000080900000, 0x0000000080900000|100%| O|  |TAMS 0x0000000080900000, 0x0000000080900000| Untracked 
|   9|0x0000000080900000, 0x0000000080a00000, 0x0000000080a00000|100%| O|  |TAMS 0x0000000080a00000, 0x0000000080a00000| Untracked 
|  10|0x0000000080a00000, 0x0000000080b00000, 0x0000000080b00000|100%| O|  |TAMS 0x0000000080b00000, 0x0000000080b00000| Untracked 
|  11|0x0000000080b00000, 0x0000000080c00000, 0x0000000080c00000|100%| O|  |TAMS 0x0000000080c00000, 0x0000000080c00000| Untracked 
|  12|0x0000000080c00000, 0x0000000080d00000, 0x0000000080d00000|100%| O|  |TAMS 0x0000000080d00000, 0x0000000080d00000| Untracked 
|  13|0x0000000080d00000, 0x0000000080e00000, 0x0000000080e00000|100%| O|  |TAMS 0x0000000080e00000, 0x0000000080e00000| Untracked 
|  14|0x0000000080e00000, 0x0000000080f00000, 0x0000000080f00000|100%| O|  |TAMS 0x0000000080f00000, 0x0000000080f00000| Untracked 
|  15|0x0000000080f00000, 0x0000000081000000, 0x0000000081000000|100%| O|  |TAMS 0x0000000081000000, 0x0000000081000000| Untracked 
|  16|0x0000000081000000, 0x0000000081100000, 0x0000000081100000|100%|HS|  |TAMS 0x0000000081100000, 0x0000000081100000| Complete 
|  17|0x0000000081100000, 0x0000000081200000, 0x0000000081200000|100%| O|  |TAMS 0x0000000081200000, 0x0000000081200000| Untracked 
|  18|0x0000000081200000, 0x0000000081300000, 0x0000000081300000|100%| O|  |TAMS 0x0000000081300000, 0x0000000081300000| Untracked 
|  19|0x0000000081300000, 0x0000000081400000, 0x0000000081400000|100%| O|  |TAMS 0x0000000081400000, 0x0000000081400000| Untracked 
|  20|0x0000000081400000, 0x0000000081500000, 0x0000000081500000|100%| O|  |TAMS 0x0000000081500000, 0x0000000081500000| Untracked 
|  21|0x0000000081500000, 0x0000000081600000, 0x0000000081600000|100%| O|  |TAMS 0x0000000081600000, 0x0000000081600000| Untracked 
|  22|0x0000000081600000, 0x0000000081700000, 0x0000000081700000|100%| O|  |TAMS 0x0000000081700000, 0x0000000081700000| Untracked 
|  23|0x0000000081700000, 0x0000000081800000, 0x0000000081800000|100%|HS|  |TAMS 0x0000000081800000, 0x0000000081800000| Complete 
|  24|0x0000000081800000, 0x0000000081900000, 0x0000000081900000|100%|HS|  |TAMS 0x0000000081900000, 0x0000000081900000| Complete 
|  25|0x0000000081900000, 0x0000000081a00000, 0x0000000081a00000|100%|HS|  |TAMS 0x0000000081a00000, 0x0000000081a00000| Complete 
|  26|0x0000000081a00000, 0x0000000081b00000, 0x0000000081b00000|100%|HC|  |TAMS 0x0000000081b00000, 0x0000000081b00000| Complete 
|  27|0x0000000081b00000, 0x0000000081c00000, 0x0000000081c00000|100%| O|  |TAMS 0x0000000081c00000, 0x0000000081c00000| Untracked 
|  28|0x0000000081c00000, 0x0000000081d00000, 0x0000000081d00000|100%| O|  |TAMS 0x0000000081d00000, 0x0000000081d00000| Untracked 
|  29|0x0000000081d00000, 0x0000000081e00000, 0x0000000081e00000|100%| O|  |TAMS 0x0000000081e00000, 0x0000000081e00000| Untracked 
|  30|0x0000000081e00000, 0x0000000081f00000, 0x0000000081f00000|100%| O|  |TAMS 0x0000000081f00000, 0x0000000081f00000| Untracked 
|  31|0x0000000081f00000, 0x0000000082000000, 0x0000000082000000|100%| O|  |TAMS 0x0000000082000000, 0x0000000082000000| Untracked 
|  32|0x0000000082000000, 0x0000000082100000, 0x0000000082100000|100%| O|  |TAMS 0x0000000082100000, 0x0000000082100000| Untracked 
|  33|0x0000000082100000, 0x0000000082200000, 0x0000000082200000|100%| O|  |TAMS 0x0000000082200000, 0x0000000082200000| Untracked 
|  34|0x0000000082200000, 0x0000000082300000, 0x0000000082300000|100%| O|  |TAMS 0x0000000082300000, 0x0000000082300000| Untracked 
|  35|0x0000000082300000, 0x0000000082400000, 0x0000000082400000|100%| O|  |TAMS 0x0000000082400000, 0x0000000082400000| Untracked 
|  36|0x0000000082400000, 0x0000000082500000, 0x0000000082500000|100%| O|  |TAMS 0x0000000082500000, 0x0000000082500000| Untracked 
|  37|0x0000000082500000, 0x0000000082600000, 0x0000000082600000|100%| O|  |TAMS 0x0000000082600000, 0x0000000082600000| Untracked 
|  38|0x0000000082600000, 0x0000000082700000, 0x0000000082700000|100%| O|  |TAMS 0x0000000082700000, 0x0000000082700000| Untracked 
|  39|0x0000000082700000, 0x0000000082800000, 0x0000000082800000|100%| O|  |TAMS 0x0000000082800000, 0x0000000082800000| Untracked 
|  40|0x0000000082800000, 0x0000000082900000, 0x0000000082900000|100%| O|  |TAMS 0x0000000082900000, 0x0000000082900000| Untracked 
|  41|0x0000000082900000, 0x0000000082a00000, 0x0000000082a00000|100%| O|  |TAMS 0x0000000082a00000, 0x0000000082a00000| Untracked 
|  42|0x0000000082a00000, 0x0000000082a1ea00, 0x0000000082b00000| 11%| O|  |TAMS 0x0000000082a00000, 0x0000000082a1ea00| Untracked 
|  43|0x0000000082b00000, 0x0000000082c00000, 0x0000000082c00000|100%| O|  |TAMS 0x0000000082c00000, 0x0000000082c00000| Untracked 
|  44|0x0000000082c00000, 0x0000000082d00000, 0x0000000082d00000|100%| O|  |TAMS 0x0000000082d00000, 0x0000000082d00000| Untracked 
|  45|0x0000000082d00000, 0x0000000082e00000, 0x0000000082e00000|100%| O|  |TAMS 0x0000000082e00000, 0x0000000082e00000| Untracked 
|  46|0x0000000082e00000, 0x0000000082f00000, 0x0000000082f00000|100%| O|  |TAMS 0x0000000082f00000, 0x0000000082f00000| Untracked 
|  47|0x0000000082f00000, 0x0000000083000000, 0x0000000083000000|100%| O|  |TAMS 0x0000000083000000, 0x0000000083000000| Untracked 
|  48|0x0000000083000000, 0x0000000083100000, 0x0000000083100000|100%| O|  |TAMS 0x0000000083100000, 0x0000000083100000| Untracked 
|  49|0x0000000083100000, 0x0000000083200000, 0x0000000083200000|100%| O|  |TAMS 0x0000000083200000, 0x0000000083200000| Untracked 
|  50|0x0000000083200000, 0x0000000083200000, 0x0000000083300000|  0%| F|  |TAMS 0x0000000083200000, 0x0000000083200000| Untracked 
|  51|0x0000000083300000, 0x0000000083400000, 0x0000000083400000|100%| O|  |TAMS 0x0000000083400000, 0x0000000083400000| Untracked 
|  52|0x0000000083400000, 0x0000000083500000, 0x0000000083500000|100%| O|  |TAMS 0x0000000083500000, 0x0000000083500000| Untracked 
|  53|0x0000000083500000, 0x0000000083600000, 0x0000000083600000|100%| O|  |TAMS 0x0000000083600000, 0x0000000083600000| Untracked 
|  54|0x0000000083600000, 0x0000000083700000, 0x0000000083700000|100%| O|  |TAMS 0x0000000083700000, 0x0000000083700000| Untracked 
|  55|0x0000000083700000, 0x0000000083800000, 0x0000000083800000|100%| O|  |TAMS 0x0000000083800000, 0x0000000083800000| Untracked 
|  56|0x0000000083800000, 0x0000000083900000, 0x0000000083900000|100%| O|  |TAMS 0x0000000083900000, 0x0000000083900000| Untracked 
|  57|0x0000000083900000, 0x0000000083a00000, 0x0000000083a00000|100%| O|  |TAMS 0x0000000083a00000, 0x0000000083a00000| Untracked 
|  58|0x0000000083a00000, 0x0000000083b00000, 0x0000000083b00000|100%| O|  |TAMS 0x0000000083b00000, 0x0000000083b00000| Untracked 
|  59|0x0000000083b00000, 0x0000000083c00000, 0x0000000083c00000|100%| O|  |TAMS 0x0000000083c00000, 0x0000000083c00000| Untracked 
|  60|0x0000000083c00000, 0x0000000083d00000, 0x0000000083d00000|100%| O|  |TAMS 0x0000000083d00000, 0x0000000083d00000| Untracked 
|  61|0x0000000083d00000, 0x0000000083e00000, 0x0000000083e00000|100%| O|  |TAMS 0x0000000083e00000, 0x0000000083e00000| Untracked 
|  62|0x0000000083e00000, 0x0000000083e00000, 0x0000000083f00000|  0%| F|  |TAMS 0x0000000083e00000, 0x0000000083e00000| Untracked 
|  63|0x0000000083f00000, 0x0000000083f00000, 0x0000000084000000|  0%| F|  |TAMS 0x0000000083f00000, 0x0000000083f00000| Untracked 
|  64|0x0000000084000000, 0x0000000084100000, 0x0000000084100000|100%| O|  |TAMS 0x0000000084100000, 0x0000000084100000| Untracked 
|  65|0x0000000084100000, 0x0000000084200000, 0x0000000084200000|100%| O|  |TAMS 0x0000000084200000, 0x0000000084200000| Untracked 
|  66|0x0000000084200000, 0x0000000084300000, 0x0000000084300000|100%| O|  |TAMS 0x0000000084300000, 0x0000000084300000| Untracked 
|  67|0x0000000084300000, 0x0000000084400000, 0x0000000084400000|100%| O|  |TAMS 0x0000000084400000, 0x0000000084400000| Untracked 
|  68|0x0000000084400000, 0x0000000084500000, 0x0000000084500000|100%| O|  |TAMS 0x0000000084500000, 0x0000000084500000| Untracked 
|  69|0x0000000084500000, 0x0000000084500000, 0x0000000084600000|  0%| F|  |TAMS 0x0000000084500000, 0x0000000084500000| Untracked 
|  70|0x0000000084600000, 0x0000000084700000, 0x0000000084700000|100%| O|  |TAMS 0x0000000084700000, 0x0000000084700000| Untracked 
|  71|0x0000000084700000, 0x0000000084800000, 0x0000000084800000|100%| O|  |TAMS 0x0000000084800000, 0x0000000084800000| Untracked 
|  72|0x0000000084800000, 0x0000000084900000, 0x0000000084900000|100%| O|  |TAMS 0x0000000084900000, 0x0000000084900000| Untracked 
|  73|0x0000000084900000, 0x0000000084a00000, 0x0000000084a00000|100%| O|  |TAMS 0x0000000084a00000, 0x0000000084a00000| Untracked 
|  74|0x0000000084a00000, 0x0000000084b00000, 0x0000000084b00000|100%| O|  |TAMS 0x0000000084b00000, 0x0000000084b00000| Untracked 
|  75|0x0000000084b00000, 0x0000000084c00000, 0x0000000084c00000|100%| O|  |TAMS 0x0000000084c00000, 0x0000000084c00000| Untracked 
|  76|0x0000000084c00000, 0x0000000084d00000, 0x0000000084d00000|100%| O|  |TAMS 0x0000000084d00000, 0x0000000084d00000| Untracked 
|  77|0x0000000084d00000, 0x0000000084e00000, 0x0000000084e00000|100%| O|  |TAMS 0x0000000084e00000, 0x0000000084e00000| Untracked 
|  78|0x0000000084e00000, 0x0000000084f00000, 0x0000000084f00000|100%| O|  |TAMS 0x0000000084f00000, 0x0000000084f00000| Untracked 
|  79|0x0000000084f00000, 0x0000000085000000, 0x0000000085000000|100%| O|  |TAMS 0x0000000085000000, 0x0000000085000000| Untracked 
|  80|0x0000000085000000, 0x0000000085100000, 0x0000000085100000|100%| O|  |TAMS 0x0000000085048400, 0x0000000085100000| Untracked 
|  81|0x0000000085100000, 0x0000000085100000, 0x0000000085200000|  0%| F|  |TAMS 0x0000000085100000, 0x0000000085100000| Untracked 
|  82|0x0000000085200000, 0x0000000085300000, 0x0000000085300000|100%| O|  |TAMS 0x0000000085300000, 0x0000000085300000| Untracked 
|  83|0x0000000085300000, 0x0000000085400000, 0x0000000085400000|100%| O|  |TAMS 0x0000000085400000, 0x0000000085400000| Untracked 
|  84|0x0000000085400000, 0x0000000085400000, 0x0000000085500000|  0%| F|  |TAMS 0x0000000085400000, 0x0000000085400000| Untracked 
|  85|0x0000000085500000, 0x0000000085600000, 0x0000000085600000|100%| O|  |TAMS 0x0000000085600000, 0x0000000085600000| Untracked 
|  86|0x0000000085600000, 0x0000000085600000, 0x0000000085700000|  0%| F|  |TAMS 0x0000000085600000, 0x0000000085600000| Untracked 
|  87|0x0000000085700000, 0x0000000085800000, 0x0000000085800000|100%| O|  |TAMS 0x0000000085800000, 0x0000000085800000| Untracked 
|  88|0x0000000085800000, 0x0000000085800000, 0x0000000085900000|  0%| F|  |TAMS 0x0000000085800000, 0x0000000085800000| Untracked 
|  89|0x0000000085900000, 0x0000000085a00000, 0x0000000085a00000|100%| O|  |TAMS 0x0000000085a00000, 0x0000000085a00000| Untracked 
|  90|0x0000000085a00000, 0x0000000085a00000, 0x0000000085b00000|  0%| F|  |TAMS 0x0000000085a00000, 0x0000000085a00000| Untracked 
|  91|0x0000000085b00000, 0x0000000085b00000, 0x0000000085c00000|  0%| F|  |TAMS 0x0000000085b00000, 0x0000000085b00000| Untracked 
|  92|0x0000000085c00000, 0x0000000085d00000, 0x0000000085d00000|100%| O|  |TAMS 0x0000000085d00000, 0x0000000085d00000| Untracked 
|  93|0x0000000085d00000, 0x0000000085e00000, 0x0000000085e00000|100%| O|  |TAMS 0x0000000085e00000, 0x0000000085e00000| Untracked 
|  94|0x0000000085e00000, 0x0000000085f00000, 0x0000000085f00000|100%| O|  |TAMS 0x0000000085f00000, 0x0000000085f00000| Untracked 
|  95|0x0000000085f00000, 0x0000000086000000, 0x0000000086000000|100%| O|  |TAMS 0x0000000086000000, 0x0000000086000000| Untracked 
|  96|0x0000000086000000, 0x0000000086000000, 0x0000000086100000|  0%| F|  |TAMS 0x0000000086000000, 0x0000000086000000| Untracked 
|  97|0x0000000086100000, 0x0000000086200000, 0x0000000086200000|100%| O|  |TAMS 0x0000000086200000, 0x0000000086200000| Untracked 
|  98|0x0000000086200000, 0x0000000086300000, 0x0000000086300000|100%| O|  |TAMS 0x0000000086300000, 0x0000000086300000| Untracked 
|  99|0x0000000086300000, 0x0000000086300000, 0x0000000086400000|  0%| F|  |TAMS 0x0000000086300000, 0x0000000086300000| Untracked 
| 100|0x0000000086400000, 0x0000000086400000, 0x0000000086500000|  0%| F|  |TAMS 0x0000000086400000, 0x0000000086400000| Untracked 
| 101|0x0000000086500000, 0x0000000086500000, 0x0000000086600000|  0%| F|  |TAMS 0x0000000086500000, 0x0000000086500000| Untracked 
| 102|0x0000000086600000, 0x0000000086600000, 0x0000000086700000|  0%| F|  |TAMS 0x0000000086600000, 0x0000000086600000| Untracked 
| 103|0x0000000086700000, 0x0000000086700000, 0x0000000086800000|  0%| F|  |TAMS 0x0000000086700000, 0x0000000086700000| Untracked 
| 104|0x0000000086800000, 0x0000000086900000, 0x0000000086900000|100%| O|  |TAMS 0x0000000086900000, 0x0000000086900000| Untracked 
| 105|0x0000000086900000, 0x0000000086a00000, 0x0000000086a00000|100%| O|  |TAMS 0x0000000086a00000, 0x0000000086a00000| Untracked 
| 106|0x0000000086a00000, 0x0000000086a00000, 0x0000000086b00000|  0%| F|  |TAMS 0x0000000086a00000, 0x0000000086a00000| Untracked 
| 107|0x0000000086b00000, 0x0000000086b00000, 0x0000000086c00000|  0%| F|  |TAMS 0x0000000086b00000, 0x0000000086b00000| Untracked 
| 108|0x0000000086c00000, 0x0000000086c00000, 0x0000000086d00000|  0%| F|  |TAMS 0x0000000086c00000, 0x0000000086c00000| Untracked 
| 109|0x0000000086d00000, 0x0000000086d00000, 0x0000000086e00000|  0%| F|  |TAMS 0x0000000086d00000, 0x0000000086d00000| Untracked 
| 110|0x0000000086e00000, 0x0000000086e00000, 0x0000000086f00000|  0%| F|  |TAMS 0x0000000086e00000, 0x0000000086e00000| Untracked 
| 111|0x0000000086f00000, 0x0000000086f00000, 0x0000000087000000|  0%| F|  |TAMS 0x0000000086f00000, 0x0000000086f00000| Untracked 
| 112|0x0000000087000000, 0x0000000087000000, 0x0000000087100000|  0%| F|  |TAMS 0x0000000087000000, 0x0000000087000000| Untracked 
| 113|0x0000000087100000, 0x0000000087100000, 0x0000000087200000|  0%| F|  |TAMS 0x0000000087100000, 0x0000000087100000| Untracked 
| 114|0x0000000087200000, 0x0000000087200000, 0x0000000087300000|  0%| F|  |TAMS 0x0000000087200000, 0x0000000087200000| Untracked 
| 115|0x0000000087300000, 0x0000000087300000, 0x0000000087400000|  0%| F|  |TAMS 0x0000000087300000, 0x0000000087300000| Untracked 
| 116|0x0000000087400000, 0x0000000087400000, 0x0000000087500000|  0%| F|  |TAMS 0x0000000087400000, 0x0000000087400000| Untracked 
| 117|0x0000000087500000, 0x0000000087500000, 0x0000000087600000|  0%| F|  |TAMS 0x0000000087500000, 0x0000000087500000| Untracked 
| 118|0x0000000087600000, 0x0000000087600000, 0x0000000087700000|  0%| F|  |TAMS 0x0000000087600000, 0x0000000087600000| Untracked 
| 119|0x0000000087700000, 0x0000000087700000, 0x0000000087800000|  0%| F|  |TAMS 0x0000000087700000, 0x0000000087700000| Untracked 
| 120|0x0000000087800000, 0x0000000087800000, 0x0000000087900000|  0%| F|  |TAMS 0x0000000087800000, 0x0000000087800000| Untracked 
| 121|0x0000000087900000, 0x0000000087900000, 0x0000000087a00000|  0%| F|  |TAMS 0x0000000087900000, 0x0000000087900000| Untracked 
| 122|0x0000000087a00000, 0x0000000087a00000, 0x0000000087b00000|  0%| F|  |TAMS 0x0000000087a00000, 0x0000000087a00000| Untracked 
| 123|0x0000000087b00000, 0x0000000087b00000, 0x0000000087c00000|  0%| F|  |TAMS 0x0000000087b00000, 0x0000000087b00000| Untracked 
| 124|0x0000000087c00000, 0x0000000087c00000, 0x0000000087d00000|  0%| F|  |TAMS 0x0000000087c00000, 0x0000000087c00000| Untracked 
| 125|0x0000000087d00000, 0x0000000087d00000, 0x0000000087e00000|  0%| F|  |TAMS 0x0000000087d00000, 0x0000000087d00000| Untracked 
| 126|0x0000000087e00000, 0x0000000087e00000, 0x0000000087f00000|  0%| F|  |TAMS 0x0000000087e00000, 0x0000000087e00000| Untracked 
| 127|0x0000000087f00000, 0x0000000087f00000, 0x0000000088000000|  0%| F|  |TAMS 0x0000000087f00000, 0x0000000087f00000| Untracked 
| 128|0x0000000088000000, 0x0000000088000000, 0x0000000088100000|  0%| F|  |TAMS 0x0000000088000000, 0x0000000088000000| Untracked 
| 129|0x0000000088100000, 0x0000000088100000, 0x0000000088200000|  0%| F|  |TAMS 0x0000000088100000, 0x0000000088100000| Untracked 
| 130|0x0000000088200000, 0x0000000088200000, 0x0000000088300000|  0%| F|  |TAMS 0x0000000088200000, 0x0000000088200000| Untracked 
| 131|0x0000000088300000, 0x0000000088300000, 0x0000000088400000|  0%| F|  |TAMS 0x0000000088300000, 0x0000000088300000| Untracked 
| 132|0x0000000088400000, 0x00000000884cbfc0, 0x0000000088500000| 79%| S|CS|TAMS 0x0000000088400000, 0x0000000088400000| Complete 
| 133|0x0000000088500000, 0x0000000088600000, 0x0000000088600000|100%| S|CS|TAMS 0x0000000088500000, 0x0000000088500000| Complete 
| 134|0x0000000088600000, 0x0000000088600000, 0x0000000088700000|  0%| F|  |TAMS 0x0000000088600000, 0x0000000088600000| Untracked 
| 135|0x0000000088700000, 0x0000000088700000, 0x0000000088800000|  0%| F|  |TAMS 0x0000000088700000, 0x0000000088700000| Untracked 
| 136|0x0000000088800000, 0x0000000088800000, 0x0000000088900000|  0%| F|  |TAMS 0x0000000088800000, 0x0000000088800000| Untracked 
| 137|0x0000000088900000, 0x0000000088900000, 0x0000000088a00000|  0%| F|  |TAMS 0x0000000088900000, 0x0000000088900000| Untracked 
| 138|0x0000000088a00000, 0x0000000088a00000, 0x0000000088b00000|  0%| F|  |TAMS 0x0000000088a00000, 0x0000000088a00000| Untracked 
| 139|0x0000000088b00000, 0x0000000088b00000, 0x0000000088c00000|  0%| F|  |TAMS 0x0000000088b00000, 0x0000000088b00000| Untracked 
| 140|0x0000000088c00000, 0x0000000088c00000, 0x0000000088d00000|  0%| F|  |TAMS 0x0000000088c00000, 0x0000000088c00000| Untracked 
| 141|0x0000000088d00000, 0x0000000088d00000, 0x0000000088e00000|  0%| F|  |TAMS 0x0000000088d00000, 0x0000000088d00000| Untracked 
| 142|0x0000000088e00000, 0x0000000088e00000, 0x0000000088f00000|  0%| F|  |TAMS 0x0000000088e00000, 0x0000000088e00000| Untracked 
| 143|0x0000000088f00000, 0x0000000088f00000, 0x0000000089000000|  0%| F|  |TAMS 0x0000000088f00000, 0x0000000088f00000| Untracked 
| 144|0x0000000089000000, 0x0000000089000000, 0x0000000089100000|  0%| F|  |TAMS 0x0000000089000000, 0x0000000089000000| Untracked 
| 145|0x0000000089100000, 0x0000000089100000, 0x0000000089200000|  0%| F|  |TAMS 0x0000000089100000, 0x0000000089100000| Untracked 
| 146|0x0000000089200000, 0x0000000089200000, 0x0000000089300000|  0%| F|  |TAMS 0x0000000089200000, 0x0000000089200000| Untracked 
| 147|0x0000000089300000, 0x0000000089300000, 0x0000000089400000|  0%| F|  |TAMS 0x0000000089300000, 0x0000000089300000| Untracked 
| 148|0x0000000089400000, 0x0000000089400000, 0x0000000089500000|  0%| F|  |TAMS 0x0000000089400000, 0x0000000089400000| Untracked 
| 149|0x0000000089500000, 0x0000000089500000, 0x0000000089600000|  0%| F|  |TAMS 0x0000000089500000, 0x0000000089500000| Untracked 
| 150|0x0000000089600000, 0x0000000089600000, 0x0000000089700000|  0%| F|  |TAMS 0x0000000089600000, 0x0000000089600000| Untracked 
| 151|0x0000000089700000, 0x0000000089700000, 0x0000000089800000|  0%| F|  |TAMS 0x0000000089700000, 0x0000000089700000| Untracked 
| 152|0x0000000089800000, 0x0000000089800000, 0x0000000089900000|  0%| F|  |TAMS 0x0000000089800000, 0x0000000089800000| Untracked 
| 153|0x0000000089900000, 0x0000000089900000, 0x0000000089a00000|  0%| F|  |TAMS 0x0000000089900000, 0x0000000089900000| Untracked 
| 154|0x0000000089a00000, 0x0000000089a00000, 0x0000000089b00000|  0%| F|  |TAMS 0x0000000089a00000, 0x0000000089a00000| Untracked 
| 155|0x0000000089b00000, 0x0000000089b00000, 0x0000000089c00000|  0%| F|  |TAMS 0x0000000089b00000, 0x0000000089b00000| Untracked 
| 156|0x0000000089c00000, 0x0000000089c00000, 0x0000000089d00000|  0%| F|  |TAMS 0x0000000089c00000, 0x0000000089c00000| Untracked 
| 157|0x0000000089d00000, 0x0000000089d00000, 0x0000000089e00000|  0%| F|  |TAMS 0x0000000089d00000, 0x0000000089d00000| Untracked 
| 158|0x0000000089e00000, 0x0000000089e00000, 0x0000000089f00000|  0%| F|  |TAMS 0x0000000089e00000, 0x0000000089e00000| Untracked 
| 159|0x0000000089f00000, 0x0000000089f00000, 0x000000008a000000|  0%| F|  |TAMS 0x0000000089f00000, 0x0000000089f00000| Untracked 
| 160|0x000000008a000000, 0x000000008a000000, 0x000000008a100000|  0%| F|  |TAMS 0x000000008a000000, 0x000000008a000000| Untracked 
| 161|0x000000008a100000, 0x000000008a100000, 0x000000008a200000|  0%| F|  |TAMS 0x000000008a100000, 0x000000008a100000| Untracked 
| 162|0x000000008a200000, 0x000000008a200000, 0x000000008a300000|  0%| F|  |TAMS 0x000000008a200000, 0x000000008a200000| Untracked 
| 163|0x000000008a300000, 0x000000008a300000, 0x000000008a400000|  0%| F|  |TAMS 0x000000008a300000, 0x000000008a300000| Untracked 
| 164|0x000000008a400000, 0x000000008a400000, 0x000000008a500000|  0%| F|  |TAMS 0x000000008a400000, 0x000000008a400000| Untracked 
| 165|0x000000008a500000, 0x000000008a500000, 0x000000008a600000|  0%| F|  |TAMS 0x000000008a500000, 0x000000008a500000| Untracked 
| 166|0x000000008a600000, 0x000000008a600000, 0x000000008a700000|  0%| F|  |TAMS 0x000000008a600000, 0x000000008a600000| Untracked 
| 167|0x000000008a700000, 0x000000008a700000, 0x000000008a800000|  0%| F|  |TAMS 0x000000008a700000, 0x000000008a700000| Untracked 
| 168|0x000000008a800000, 0x000000008a800000, 0x000000008a900000|  0%| F|  |TAMS 0x000000008a800000, 0x000000008a800000| Untracked 
| 169|0x000000008a900000, 0x000000008a900000, 0x000000008aa00000|  0%| F|  |TAMS 0x000000008a900000, 0x000000008a900000| Untracked 
| 170|0x000000008aa00000, 0x000000008aa00000, 0x000000008ab00000|  0%| F|  |TAMS 0x000000008aa00000, 0x000000008aa00000| Untracked 
| 171|0x000000008ab00000, 0x000000008ab00000, 0x000000008ac00000|  0%| F|  |TAMS 0x000000008ab00000, 0x000000008ab00000| Untracked 
| 172|0x000000008ac00000, 0x000000008ac00000, 0x000000008ad00000|  0%| F|  |TAMS 0x000000008ac00000, 0x000000008ac00000| Untracked 
| 173|0x000000008ad00000, 0x000000008ad00000, 0x000000008ae00000|  0%| F|  |TAMS 0x000000008ad00000, 0x000000008ad00000| Untracked 
| 174|0x000000008ae00000, 0x000000008ae00000, 0x000000008af00000|  0%| F|  |TAMS 0x000000008ae00000, 0x000000008ae00000| Untracked 
| 175|0x000000008af00000, 0x000000008af00000, 0x000000008b000000|  0%| F|  |TAMS 0x000000008af00000, 0x000000008af00000| Untracked 
| 176|0x000000008b000000, 0x000000008b000000, 0x000000008b100000|  0%| F|  |TAMS 0x000000008b000000, 0x000000008b000000| Untracked 
| 177|0x000000008b100000, 0x000000008b100000, 0x000000008b200000|  0%| F|  |TAMS 0x000000008b100000, 0x000000008b100000| Untracked 
| 178|0x000000008b200000, 0x000000008b200000, 0x000000008b300000|  0%| F|  |TAMS 0x000000008b200000, 0x000000008b200000| Untracked 
| 179|0x000000008b300000, 0x000000008b399dc0, 0x000000008b400000| 60%| E|  |TAMS 0x000000008b300000, 0x000000008b300000| Complete 
| 180|0x000000008b400000, 0x000000008b500000, 0x000000008b500000|100%| E|CS|TAMS 0x000000008b400000, 0x000000008b400000| Complete 
| 181|0x000000008b500000, 0x000000008b600000, 0x000000008b600000|100%| E|CS|TAMS 0x000000008b500000, 0x000000008b500000| Complete 
| 182|0x000000008b600000, 0x000000008b700000, 0x000000008b700000|100%| E|CS|TAMS 0x000000008b600000, 0x000000008b600000| Complete 
| 183|0x000000008b700000, 0x000000008b800000, 0x000000008b800000|100%| E|CS|TAMS 0x000000008b700000, 0x000000008b700000| Complete 
| 184|0x000000008b800000, 0x000000008b900000, 0x000000008b900000|100%| E|CS|TAMS 0x000000008b800000, 0x000000008b800000| Complete 

Card table byte_map: [0x0000018b5fca0000,0x0000018b600a0000] _byte_map_base: 0x0000018b5f8a0000

Marking Bits (Prev, Next): (CMBitMap*) 0x0000018b4c7bccf0, (CMBitMap*) 0x0000018b4c7bccb8
 Prev Bits: [0x0000018b624a0000, 0x0000018b644a0000)
 Next Bits: [0x0000018b604a0000, 0x0000018b624a0000)

Polling page: 0x0000018b4ad60000

Metaspace:

Usage:
  Non-class:    100.82 MB capacity,    98.95 MB ( 98%) used,     1.50 MB (  1%) free+waste,   381.69 KB ( <1%) overhead. 
      Class:     15.78 MB capacity,    14.61 MB ( 93%) used,     1.00 MB (  6%) free+waste,   173.00 KB (  1%) overhead. 
       Both:    116.61 MB capacity,   113.56 MB ( 97%) used,     2.51 MB (  2%) free+waste,   554.69 KB ( <1%) overhead. 

Virtual space:
  Non-class space:      102.00 MB reserved,     100.96 MB ( 99%) committed 
      Class space:        1.00 GB reserved,      15.90 MB (  2%) committed 
             Both:        1.10 GB reserved,     116.86 MB ( 10%) committed 

Chunk freelists:
   Non-Class:  9.00 KB
       Class:  0 bytes
        Both:  9.00 KB

MaxMetaspaceSize: 17179869184.00 GB
CompressedClassSpaceSize: 1.00 GB

CodeHeap 'non-profiled nmethods': size=120064Kb used=11549Kb max_used=11549Kb free=108515Kb
 bounds [0x0000018b57d40000, 0x0000018b58890000, 0x0000018b5f280000]
CodeHeap 'profiled nmethods': size=120000Kb used=36527Kb max_used=36795Kb free=83472Kb
 bounds [0x0000018b50810000, 0x0000018b52c20000, 0x0000018b57d40000]
CodeHeap 'non-nmethods': size=5696Kb used=2358Kb max_used=2410Kb free=3337Kb
 bounds [0x0000018b50280000, 0x0000018b504f0000, 0x0000018b50810000]
 total_blobs=17643 nmethods=16667 adapters=886
 compilation: enabled
              stopped_count=0, restarted_count=0
 full_count=0

Compilation events (20 events):
Event: 5752.121 Thread 0x0000018b66ab6800 17621       3       com.android.build.gradle.internal.dsl.BaseAppModuleExtension_Decorated::getCompileOptions (40 bytes)
Event: 5752.122 Thread 0x0000018b66ab6800 nmethod 17621 0x0000018b50ff7210 code [0x0000018b50ff7460, 0x0000018b50ff7d48]
Event: 5752.122 Thread 0x0000018b66ab6800 17622       3       com.android.build.gradle.internal.dsl.ApplicationExtensionImpl$AgpDecorated_Decorated::getCompileOptions (39 bytes)
Event: 5752.122 Thread 0x0000018b66ab6800 nmethod 17622 0x0000018b50ffaa90 code [0x0000018b50ffacc0, 0x0000018b50ffb3a8]
Event: 5752.122 Thread 0x0000018b66ab6800 17623       3       com.android.build.api.variant.impl.ApplicationVariantImpl_Decorated::getMinSdkVersion (40 bytes)
Event: 5752.123 Thread 0x0000018b66ab6800 nmethod 17623 0x0000018b50ffcb90 code [0x0000018b50ffcdc0, 0x0000018b50ffd558]
Event: 5752.123 Thread 0x0000018b66ab6800 17624       1       com.android.build.api.component.impl.AndroidTestCreationConfigImpl::getConfig (5 bytes)
Event: 5752.123 Thread 0x0000018b66ab6800 nmethod 17624 0x0000018b57f82890 code [0x0000018b57f82a40, 0x0000018b57f82af8]
Event: 5752.123 Thread 0x0000018b66ab6800 17625       3       org.gradle.api.internal.project.DefaultProject::getDependencies (30 bytes)
Event: 5752.123 Thread 0x0000018b66ab6800 nmethod 17625 0x0000018b50ff5490 code [0x0000018b50ff56a0, 0x0000018b50ff5d68]
Event: 5752.124 Thread 0x0000018b66ab6800 17626       1       org.gradle.api.internal.collections.DefaultPendingSource::onRealize (6 bytes)
Event: 5752.124 Thread 0x0000018b66ab6800 nmethod 17626 0x0000018b57fa6b90 code [0x0000018b57fa6d40, 0x0000018b57fa6e38]
Event: 5752.124 Thread 0x0000018b66ab6800 17627       1       org.gradle.internal.metaobject.BeanDynamicObject::access$300 (5 bytes)
Event: 5752.124 Thread 0x0000018b66ab6800 nmethod 17627 0x0000018b57fcef90 code [0x0000018b57fcf140, 0x0000018b57fcf1d8]
Event: 5752.124 Thread 0x0000018b66ab6800 17628       1       org.gradle.internal.extensibility.DefaultConvention::getExtensionsAsDynamicObject (5 bytes)
Event: 5752.124 Thread 0x0000018b66ab6800 nmethod 17628 0x0000018b57fceb90 code [0x0000018b57fced40, 0x0000018b57fcedf8]
Event: 5752.125 Thread 0x0000018b66ab6800 17629       3       java.net.URLClassLoader::findResource (33 bytes)
Event: 5752.125 Thread 0x0000018b66ab6800 nmethod 17629 0x0000018b50fd0890 code [0x0000018b50fd0aa0, 0x0000018b50fd0ff8]
Event: 5752.126 Thread 0x0000018b66ab6800 17630       3       java.net.URLClassLoader$2::<init> (15 bytes)
Event: 5752.126 Thread 0x0000018b66ab6800 nmethod 17630 0x0000018b50fb8690 code [0x0000018b50fb8840, 0x0000018b50fb8a58]

GC Heap History (20 events):
Event: 1270.301 GC heap before
{Heap before GC invocations=34 (full 0):
 garbage-first heap   total 189440K, used 128691K [0x0000000080000000, 0x0000000100000000)
  region size 1024K, 32 young (32768K), 2 survivors (2048K)
 Metaspace       used 115198K, capacity 118297K, committed 118508K, reserved 1150976K
  class space    used 14941K, capacity 16123K, committed 16152K, reserved 1048576K
}
Event: 1270.316 GC heap after
{Heap after GC invocations=35 (full 0):
 garbage-first heap   total 189440K, used 117760K [0x0000000080000000, 0x0000000100000000)
  region size 1024K, 7 young (7168K), 7 survivors (7168K)
 Metaspace       used 115198K, capacity 118297K, committed 118508K, reserved 1150976K
  class space    used 14941K, capacity 16123K, committed 16152K, reserved 1048576K
}
Event: 1289.388 GC heap before
{Heap before GC invocations=36 (full 0):
 garbage-first heap   total 189440K, used 160768K [0x0000000080000000, 0x0000000100000000)
  region size 1024K, 35 young (35840K), 7 survivors (7168K)
 Metaspace       used 115566K, capacity 118612K, committed 118764K, reserved 1153024K
  class space    used 14956K, capacity 16151K, committed 16152K, reserved 1048576K
}
Event: 1289.401 GC heap after
{Heap after GC invocations=37 (full 0):
 garbage-first heap   total 189440K, used 119572K [0x0000000080000000, 0x0000000100000000)
  region size 1024K, 4 young (4096K), 4 survivors (4096K)
 Metaspace       used 115566K, capacity 118612K, committed 118764K, reserved 1153024K
  class space    used 14956K, capacity 16151K, committed 16152K, reserved 1048576K
}
Event: 1289.457 GC heap before
{Heap before GC invocations=37 (full 0):
 garbage-first heap   total 189440K, used 123668K [0x0000000080000000, 0x0000000100000000)
  region size 1024K, 9 young (9216K), 4 survivors (4096K)
 Metaspace       used 115566K, capacity 118612K, committed 118764K, reserved 1153024K
  class space    used 14956K, capacity 16151K, committed 16152K, reserved 1048576K
}
Event: 1289.465 GC heap after
{Heap after GC invocations=38 (full 0):
 garbage-first heap   total 189440K, used 113064K [0x0000000080000000, 0x0000000100000000)
  region size 1024K, 2 young (2048K), 2 survivors (2048K)
 Metaspace       used 115566K, capacity 118612K, committed 118764K, reserved 1153024K
  class space    used 14956K, capacity 16151K, committed 16152K, reserved 1048576K
}
Event: 1290.703 GC heap before
{Heap before GC invocations=38 (full 0):
 garbage-first heap   total 189440K, used 140712K [0x0000000080000000, 0x0000000100000000)
  region size 1024K, 31 young (31744K), 2 survivors (2048K)
 Metaspace       used 115632K, capacity 118677K, committed 118764K, reserved 1153024K
  class space    used 14956K, capacity 16151K, committed 16152K, reserved 1048576K
}
Event: 1290.710 GC heap after
{Heap after GC invocations=39 (full 0):
 garbage-first heap   total 189440K, used 114795K [0x0000000080000000, 0x0000000100000000)
  region size 1024K, 4 young (4096K), 4 survivors (4096K)
 Metaspace       used 115632K, capacity 118677K, committed 118764K, reserved 1153024K
  class space    used 14956K, capacity 16151K, committed 16152K, reserved 1048576K
}
Event: 1293.753 GC heap before
{Heap before GC invocations=40 (full 0):
 garbage-first heap   total 189440K, used 132203K [0x0000000080000000, 0x0000000100000000)
  region size 1024K, 35 young (35840K), 4 survivors (4096K)
 Metaspace       used 115858K, capacity 118942K, committed 119020K, reserved 1153024K
  class space    used 14956K, capacity 16151K, committed 16152K, reserved 1048576K
}
Event: 1293.757 GC heap after
{Heap after GC invocations=41 (full 0):
 garbage-first heap   total 189440K, used 100675K [0x0000000080000000, 0x0000000100000000)
  region size 1024K, 3 young (3072K), 3 survivors (3072K)
 Metaspace       used 115858K, capacity 118942K, committed 119020K, reserved 1153024K
  class space    used 14956K, capacity 16151K, committed 16152K, reserved 1048576K
}
Event: 1293.991 GC heap before
{Heap before GC invocations=41 (full 0):
 garbage-first heap   total 189440K, used 106819K [0x0000000080000000, 0x0000000100000000)
  region size 1024K, 9 young (9216K), 3 survivors (3072K)
 Metaspace       used 115955K, capacity 119081K, committed 119276K, reserved 1153024K
  class space    used 14957K, capacity 16152K, committed 16152K, reserved 1048576K
}
Event: 1293.997 GC heap after
{Heap after GC invocations=42 (full 0):
 garbage-first heap   total 189440K, used 92861K [0x0000000080000000, 0x0000000100000000)
  region size 1024K, 1 young (1024K), 1 survivors (1024K)
 Metaspace       used 115955K, capacity 119081K, committed 119276K, reserved 1153024K
  class space    used 14957K, capacity 16152K, committed 16152K, reserved 1048576K
}
Event: 1294.278 GC heap before
{Heap before GC invocations=42 (full 0):
 garbage-first heap   total 189440K, used 111293K [0x0000000080000000, 0x0000000100000000)
  region size 1024K, 21 young (21504K), 1 survivors (1024K)
 Metaspace       used 116048K, capacity 119166K, committed 119404K, reserved 1153024K
  class space    used 14958K, capacity 16155K, committed 16280K, reserved 1048576K
}
Event: 1294.280 GC heap after
{Heap after GC invocations=43 (full 0):
 garbage-first heap   total 189440K, used 93124K [0x0000000080000000, 0x0000000100000000)
  region size 1024K, 1 young (1024K), 1 survivors (1024K)
 Metaspace       used 116048K, capacity 119166K, committed 119404K, reserved 1153024K
  class space    used 14958K, capacity 16155K, committed 16280K, reserved 1048576K
}
Event: 5600.324 GC heap before
{Heap before GC invocations=44 (full 0):
 garbage-first heap   total 189440K, used 148420K [0x0000000080000000, 0x0000000100000000)
  region size 1024K, 47 young (48128K), 1 survivors (1024K)
 Metaspace       used 116080K, capacity 119166K, committed 119404K, reserved 1153024K
  class space    used 14958K, capacity 16155K, committed 16280K, reserved 1048576K
}
Event: 5600.326 GC heap after
{Heap after GC invocations=45 (full 0):
 garbage-first heap   total 189440K, used 92734K [0x0000000080000000, 0x0000000100000000)
  region size 1024K, 1 young (1024K), 1 survivors (1024K)
 Metaspace       used 116080K, capacity 119166K, committed 119404K, reserved 1153024K
  class space    used 14958K, capacity 16155K, committed 16280K, reserved 1048576K
}
Event: 5605.151 GC heap before
{Heap before GC invocations=45 (full 0):
 garbage-first heap   total 189440K, used 99902K [0x0000000080000000, 0x0000000100000000)
  region size 1024K, 9 young (9216K), 1 survivors (1024K)
 Metaspace       used 116099K, capacity 119166K, committed 119404K, reserved 1153024K
  class space    used 14958K, capacity 16155K, committed 16280K, reserved 1048576K
}
Event: 5605.155 GC heap after
{Heap after GC invocations=46 (full 0):
 garbage-first heap   total 189440K, used 91468K [0x0000000080000000, 0x0000000100000000)
  region size 1024K, 1 young (1024K), 1 survivors (1024K)
 Metaspace       used 116099K, capacity 119166K, committed 119404K, reserved 1153024K
  class space    used 14958K, capacity 16155K, committed 16280K, reserved 1048576K
}
Event: 5751.984 GC heap before
{Heap before GC invocations=46 (full 0):
 garbage-first heap   total 189440K, used 141644K [0x0000000080000000, 0x0000000100000000)
  region size 1024K, 51 young (52224K), 1 survivors (1024K)
 Metaspace       used 116215K, capacity 119325K, committed 119660K, reserved 1153024K
  class space    used 14961K, capacity 16160K, committed 16280K, reserved 1048576K
}
Event: 5751.992 GC heap after
{Heap after GC invocations=47 (full 0):
 garbage-first heap   total 189440K, used 93098K [0x0000000080000000, 0x0000000100000000)
  region size 1024K, 2 young (2048K), 2 survivors (2048K)
 Metaspace       used 116215K, capacity 119325K, committed 119660K, reserved 1153024K
  class space    used 14961K, capacity 16160K, committed 16280K, reserved 1048576K
}

Deoptimization events (20 events):
Event: 1294.145 Thread 0x0000018b68460800 DEOPT PACKING pc=0x0000018b528bd176 sp=0x0000004c0b4fd0c0
Event: 1294.145 Thread 0x0000018b68460800 DEOPT UNPACKING pc=0x0000018b502a6dde sp=0x0000004c0b4fc640 mode 0
Event: 1294.180 Thread 0x0000018b68460800 DEOPT PACKING pc=0x0000018b528bd176 sp=0x0000004c0b4fd0c0
Event: 1294.180 Thread 0x0000018b68460800 DEOPT UNPACKING pc=0x0000018b502a6dde sp=0x0000004c0b4fc640 mode 0
Event: 1294.259 Thread 0x0000018b68460800 Uncommon trap: trap_request=0xffffffc6 fr.pc=0x0000018b582af760 relative=0x00000000000008e0
Event: 1294.259 Thread 0x0000018b68460800 Uncommon trap: reason=bimorphic_or_optimized_type_check action=maybe_recompile pc=0x0000018b582af760 method=com.google.common.collect.TransformedIterator.next()Ljava/lang/Object; @ 5 c2
Event: 1294.259 Thread 0x0000018b68460800 DEOPT PACKING pc=0x0000018b582af760 sp=0x0000004c0b4fda70
Event: 1294.259 Thread 0x0000018b68460800 DEOPT UNPACKING pc=0x0000018b502a662f sp=0x0000004c0b4fda48 mode 2
Event: 1294.576 Thread 0x0000018b6ebb0800 Uncommon trap: trap_request=0xffffff4d fr.pc=0x0000018b5811f530 relative=0x00000000000001f0
Event: 1294.576 Thread 0x0000018b6ebb0800 Uncommon trap: reason=unstable_if action=reinterpret pc=0x0000018b5811f530 method=com.esotericsoftware.kryo.io.Input.require(I)I @ 180 c2
Event: 1294.576 Thread 0x0000018b6ebb0800 DEOPT PACKING pc=0x0000018b5811f530 sp=0x0000004c053fed30
Event: 1294.576 Thread 0x0000018b6ebb0800 DEOPT UNPACKING pc=0x0000018b502a662f sp=0x0000004c053fecd8 mode 2
Event: 5751.882 Thread 0x0000018b6ebb4800 Uncommon trap: trap_request=0xffffffde fr.pc=0x0000018b58377648 relative=0x00000000000016a8
Event: 5751.882 Thread 0x0000018b6ebb4800 Uncommon trap: reason=class_check action=maybe_recompile pc=0x0000018b58377648 method=org.gradle.cache.internal.LockOnDemandCrossProcessCacheAccess.incrementLockCount()V @ 97 c2
Event: 5751.882 Thread 0x0000018b6ebb4800 DEOPT PACKING pc=0x0000018b58377648 sp=0x0000004c06cf72f0
Event: 5751.882 Thread 0x0000018b6ebb4800 DEOPT UNPACKING pc=0x0000018b502a662f sp=0x0000004c06cf72f0 mode 2
Event: 5751.996 Thread 0x0000018b6ebb4800 Uncommon trap: trap_request=0xffffff7e fr.pc=0x0000018b58820630 relative=0x0000000000001050
Event: 5751.996 Thread 0x0000018b6ebb4800 Uncommon trap: reason=predicate action=maybe_recompile pc=0x0000018b58820630 method=com.google.common.collect.RegularImmutableMap.fromEntryArray(I[Ljava/util/Map$Entry;)Lcom/google/common/collect/ImmutableMap; @ 59 c2
Event: 5751.996 Thread 0x0000018b6ebb4800 DEOPT PACKING pc=0x0000018b58820630 sp=0x0000004c06cf8160
Event: 5751.996 Thread 0x0000018b6ebb4800 DEOPT UNPACKING pc=0x0000018b502a662f sp=0x0000004c06cf8118 mode 2

Classes redefined (0 events):
No events

Internal exceptions (20 events):
Event: 1293.460 Thread 0x0000018b69bd7000 Exception <a 'sun/nio/fs/WindowsException'{0x000000008a0b7928}> (0x000000008a0b7928) thrown at [./src/hotspot/share/prims/jni.cpp, line 615]
Event: 1293.460 Thread 0x0000018b69bd7000 Exception <a 'sun/nio/fs/WindowsException'{0x000000008a0b7a80}> (0x000000008a0b7a80) thrown at [./src/hotspot/share/prims/jni.cpp, line 615]
Event: 1293.461 Thread 0x0000018b69bd7000 Exception <a 'sun/nio/fs/WindowsException'{0x000000008a0d6d70}> (0x000000008a0d6d70) thrown at [./src/hotspot/share/prims/jni.cpp, line 615]
Event: 1293.461 Thread 0x0000018b69bd7000 Exception <a 'sun/nio/fs/WindowsException'{0x000000008a0d6ef0}> (0x000000008a0d6ef0) thrown at [./src/hotspot/share/prims/jni.cpp, line 615]
Event: 1293.462 Thread 0x0000018b69bd7000 Exception <a 'sun/nio/fs/WindowsException'{0x000000008a0eabc0}> (0x000000008a0eabc0) thrown at [./src/hotspot/share/prims/jni.cpp, line 615]
Event: 1293.462 Thread 0x0000018b69bd7000 Exception <a 'sun/nio/fs/WindowsException'{0x000000008a0ead30}> (0x000000008a0ead30) thrown at [./src/hotspot/share/prims/jni.cpp, line 615]
Event: 1293.463 Thread 0x0000018b69bd7000 Exception <a 'sun/nio/fs/WindowsException'{0x0000000089f10bc8}> (0x0000000089f10bc8) thrown at [./src/hotspot/share/prims/jni.cpp, line 615]
Event: 1293.463 Thread 0x0000018b69bd7000 Exception <a 'sun/nio/fs/WindowsException'{0x0000000089f10d38}> (0x0000000089f10d38) thrown at [./src/hotspot/share/prims/jni.cpp, line 615]
Event: 1293.674 Thread 0x0000018b69bd7000 Exception <a 'sun/nio/fs/WindowsException'{0x0000000089d8d2d8}> (0x0000000089d8d2d8) thrown at [./src/hotspot/share/prims/jni.cpp, line 615]
Event: 1293.722 Thread 0x0000018b69bd7000 Exception <a 'sun/nio/fs/WindowsException'{0x0000000089a04520}> (0x0000000089a04520) thrown at [./src/hotspot/share/prims/jni.cpp, line 615]
Event: 1293.724 Thread 0x0000018b69bd7000 Exception <a 'sun/nio/fs/WindowsException'{0x0000000089a0a3a0}> (0x0000000089a0a3a0) thrown at [./src/hotspot/share/prims/jni.cpp, line 615]
Event: 1293.727 Thread 0x0000018b69bd7000 Exception <a 'sun/nio/fs/WindowsException'{0x0000000089a11a28}> (0x0000000089a11a28) thrown at [./src/hotspot/share/prims/jni.cpp, line 615]
Event: 1293.799 Thread 0x0000018b6845c800 Exception <a 'sun/nio/fs/WindowsException'{0x000000008b659290}> (0x000000008b659290) thrown at [./src/hotspot/share/prims/jni.cpp, line 615]
Event: 1293.828 Thread 0x0000018b6845c800 Exception <a 'sun/nio/fs/WindowsException'{0x000000008b4f3d68}> (0x000000008b4f3d68) thrown at [./src/hotspot/share/prims/jni.cpp, line 615]
Event: 1293.989 Thread 0x0000018b6845d000 Exception <a 'sun/nio/fs/WindowsException'{0x000000008b3c35d8}> (0x000000008b3c35d8) thrown at [./src/hotspot/share/prims/jni.cpp, line 615]
Event: 1294.017 Thread 0x0000018b6845d000 Exception <a 'sun/nio/fs/WindowsException'{0x000000008b7b2eb0}> (0x000000008b7b2eb0) thrown at [./src/hotspot/share/prims/jni.cpp, line 615]
Event: 1294.435 Thread 0x0000018b6ebaf800 Exception <a 'sun/nio/fs/WindowsException'{0x000000008b8e7228}> (0x000000008b8e7228) thrown at [./src/hotspot/share/prims/jni.cpp, line 615]
Event: 1294.435 Thread 0x0000018b6ebaf800 Exception <a 'sun/nio/fs/WindowsException'{0x000000008b8e72a8}> (0x000000008b8e72a8) thrown at [./src/hotspot/share/prims/jni.cpp, line 615]
Event: 1294.435 Thread 0x0000018b6ebaf800 Exception <a 'sun/nio/fs/WindowsException'{0x000000008b8e8b90}> (0x000000008b8e8b90) thrown at [./src/hotspot/share/prims/jni.cpp, line 615]
Event: 5752.021 Thread 0x0000018b6ebb4800 Exception <a 'sun/nio/fs/WindowsException'{0x000000008b683518}> (0x000000008b683518) thrown at [./src/hotspot/share/prims/jni.cpp, line 615]

Events (20 events):
Event: 5751.941 Thread 0x0000018b6e45b800 Thread added: 0x0000018b6e45b800
Event: 5751.941 Thread 0x0000018b6e458800 Thread added: 0x0000018b6e458800
Event: 5751.941 Thread 0x0000018b6e459000 Thread added: 0x0000018b6e459000
Event: 5751.941 Thread 0x0000018b6e45f000 Thread added: 0x0000018b6e45f000
Event: 5751.941 Thread 0x0000018b6e45f800 Thread added: 0x0000018b6e45f800
Event: 5751.941 Thread 0x0000018b6e45a000 Thread added: 0x0000018b6e45a000
Event: 5751.942 Thread 0x0000018b6e460800 Thread added: 0x0000018b6e460800
Event: 5751.942 Thread 0x0000018b6e461800 Thread added: 0x0000018b6e461800
Event: 5751.942 Thread 0x0000018b6e462000 Thread added: 0x0000018b6e462000
Event: 5751.942 Thread 0x0000018b6e463000 Thread added: 0x0000018b6e463000
Event: 5751.942 Thread 0x0000018b6e467000 Thread added: 0x0000018b6e467000
Event: 5751.942 Thread 0x0000018b6e464000 Thread added: 0x0000018b6e464000
Event: 5751.942 Thread 0x0000018b6e464800 Thread added: 0x0000018b6e464800
Event: 5751.942 Thread 0x0000018b697d4000 Thread added: 0x0000018b697d4000
Event: 5751.943 Executing VM operation: RevokeBias
Event: 5751.944 Executing VM operation: RevokeBias done
Event: 5751.946 Thread 0x0000018b686ea800 Thread added: 0x0000018b686ea800
Event: 5751.984 Executing VM operation: G1CollectForAllocation
Event: 5751.992 Executing VM operation: G1CollectForAllocation done
Event: 5752.129 Executing VM operation: CGC_Operation


Dynamic libraries:
0x00007ff64eba0000 - 0x00007ff64ebaa000 	C:\Program Files\Android\Android Studio\jre\bin\java.exe
0x00007ff806d30000 - 0x00007ff806f25000 	C:\Windows\SYSTEM32\ntdll.dll
0x00007ff806040000 - 0x00007ff8060fe000 	C:\Windows\System32\KERNEL32.DLL
0x00007ff804ac0000 - 0x00007ff804d88000 	C:\Windows\System32\KERNELBASE.dll
0x00007ff804450000 - 0x00007ff804550000 	C:\Windows\System32\ucrtbase.dll
0x00007fffffcb0000 - 0x00007fffffcc9000 	C:\Program Files\Android\Android Studio\jre\bin\jli.dll
0x00007ffff88b0000 - 0x00007ffff88c7000 	C:\Program Files\Android\Android Studio\jre\bin\VCRUNTIME140.dll
0x00007ff805920000 - 0x00007ff805ac0000 	C:\Windows\System32\USER32.dll
0x00007ff804690000 - 0x00007ff8046b2000 	C:\Windows\System32\win32u.dll
0x00007fffeeaa0000 - 0x00007fffeed3a000 	C:\Windows\WinSxS\amd64_microsoft.windows.common-controls_6595b64144ccf1df_6.0.19041.1110_none_60b5254171f9507e\COMCTL32.dll
0x00007ff806ab0000 - 0x00007ff806adb000 	C:\Windows\System32\GDI32.dll
0x00007ff805dc0000 - 0x00007ff805e5e000 	C:\Windows\System32\msvcrt.dll
0x00007ff804580000 - 0x00007ff80468b000 	C:\Windows\System32\gdi32full.dll
0x00007ff8046c0000 - 0x00007ff80475d000 	C:\Windows\System32\msvcp_win.dll
0x00007ff8067c0000 - 0x00007ff8067f0000 	C:\Windows\System32\IMM32.DLL
0x00007fffd6b00000 - 0x00007fffd6b9d000 	C:\Program Files\Android\Android Studio\jre\bin\msvcp140.dll
0x00007fffc3120000 - 0x00007fffc3bf5000 	C:\Program Files\Android\Android Studio\jre\bin\server\jvm.dll
0x00007ff805f90000 - 0x00007ff80603e000 	C:\Windows\System32\ADVAPI32.dll
0x00007ff805be0000 - 0x00007ff805c7c000 	C:\Windows\System32\sechost.dll
0x00007ff805e60000 - 0x00007ff805f85000 	C:\Windows\System32\RPCRT4.dll
0x00007ff806aa0000 - 0x00007ff806aa8000 	C:\Windows\System32\PSAPI.DLL
0x00007ffffc660000 - 0x00007ffffc669000 	C:\Windows\SYSTEM32\WSOCK32.dll
0x00007ffff5600000 - 0x00007ffff5627000 	C:\Windows\SYSTEM32\WINMM.dll
0x00007ffff4750000 - 0x00007ffff475a000 	C:\Windows\SYSTEM32\VERSION.dll
0x00007ff805c80000 - 0x00007ff805ceb000 	C:\Windows\System32\WS2_32.dll
0x00007ff802380000 - 0x00007ff802392000 	C:\Windows\SYSTEM32\kernel.appcore.dll
0x00007ffff8890000 - 0x00007ffff88a1000 	C:\Program Files\Android\Android Studio\jre\bin\verify.dll
0x00007ffff3a70000 - 0x00007ffff3c54000 	C:\Windows\SYSTEM32\DBGHELP.DLL
0x00007ffff3ec0000 - 0x00007ffff3eec000 	C:\Windows\SYSTEM32\dbgcore.DLL
0x00007ff804820000 - 0x00007ff8048a2000 	C:\Windows\System32\bcryptPrimitives.dll
0x00007fffe28e0000 - 0x00007fffe2909000 	C:\Program Files\Android\Android Studio\jre\bin\java.dll
0x00007ffff8940000 - 0x00007ffff894b000 	C:\Program Files\Android\Android Studio\jre\bin\jimage.dll
0x00007fffe32a0000 - 0x00007fffe32b8000 	C:\Program Files\Android\Android Studio\jre\bin\zip.dll
0x00007ff804d90000 - 0x00007ff8054d4000 	C:\Windows\System32\SHELL32.dll
0x00007ff802580000 - 0x00007ff802d14000 	C:\Windows\SYSTEM32\windows.storage.dll
0x00007ff8055c0000 - 0x00007ff805914000 	C:\Windows\System32\combase.dll
0x00007ff803de0000 - 0x00007ff803e0c000 	C:\Windows\SYSTEM32\Wldp.dll
0x00007ff8066b0000 - 0x00007ff80675d000 	C:\Windows\System32\SHCORE.dll
0x00007ff8069b0000 - 0x00007ff806a05000 	C:\Windows\System32\shlwapi.dll
0x00007ff804390000 - 0x00007ff8043af000 	C:\Windows\SYSTEM32\profapi.dll
0x00007fffde1d0000 - 0x00007fffde1ea000 	C:\Program Files\Android\Android Studio\jre\bin\net.dll
0x00007ffff6f70000 - 0x00007ffff7079000 	C:\Windows\SYSTEM32\WINHTTP.dll
0x00007ff803b40000 - 0x00007ff803baa000 	C:\Windows\system32\mswsock.dll
0x00007fffdd630000 - 0x00007fffdd644000 	C:\Program Files\Android\Android Studio\jre\bin\nio.dll
0x00007fffffcd0000 - 0x00007fffffcf7000 	C:\Users\palla\.gradle\native\e1d6ef7f7dcc3fd88c89a11ec53ec762bb8ba0a96d01ffa2cd45eb1d1d8dd5c5\windows-amd64\native-platform.dll
0x00007ffff85d0000 - 0x00007ffff8714000 	C:\Users\palla\.gradle\native\5664cfc778a61ccfe75a443a1ab52a65af34e5dc3c78e0209fed803814484fcb\windows-amd64\native-platform-file-events.dll
0x00007ffff8880000 - 0x00007ffff888a000 	C:\Program Files\Android\Android Studio\jre\bin\management.dll
0x00007ffff7ab0000 - 0x00007ffff7abd000 	C:\Program Files\Android\Android Studio\jre\bin\management_ext.dll
0x00007ff803d30000 - 0x00007ff803d48000 	C:\Windows\SYSTEM32\CRYPTSP.dll
0x00007ff8034c0000 - 0x00007ff8034f4000 	C:\Windows\system32\rsaenh.dll
0x00007ff804550000 - 0x00007ff804577000 	C:\Windows\System32\bcrypt.dll
0x00007ff804350000 - 0x00007ff80437e000 	C:\Windows\SYSTEM32\USERENV.dll
0x00007ff803d50000 - 0x00007ff803d5c000 	C:\Windows\SYSTEM32\CRYPTBASE.dll
0x00007ff803830000 - 0x00007ff80386b000 	C:\Windows\SYSTEM32\IPHLPAPI.DLL
0x00007ff8066a0000 - 0x00007ff8066a8000 	C:\Windows\System32\NSI.dll
0x00007ffffd350000 - 0x00007ffffd367000 	C:\Windows\SYSTEM32\dhcpcsvc6.DLL
0x00007ffffd330000 - 0x00007ffffd34d000 	C:\Windows\SYSTEM32\dhcpcsvc.DLL
0x00007ff8038d0000 - 0x00007ff80399a000 	C:\Windows\SYSTEM32\DNSAPI.dll
0x00007ff803120000 - 0x00007ff803153000 	C:\Windows\SYSTEM32\ntmarta.dll
0x00007fffd9bb0000 - 0x00007fffd9bd7000 	C:\Program Files\Android\Android Studio\jre\bin\sunec.dll

dbghelp: loaded successfully - version: 4.0.5 - missing functions: none
symbol engine: initialized successfully - sym options: 0x614 - pdb path: .;C:\Program Files\Android\Android Studio\jre\bin;C:\Windows\SYSTEM32;C:\Windows\WinSxS\amd64_microsoft.windows.common-controls_6595b64144ccf1df_6.0.19041.1110_none_60b5254171f9507e;C:\Program Files\Android\Android Studio\jre\bin\server;C:\Users\palla\.gradle\native\e1d6ef7f7dcc3fd88c89a11ec53ec762bb8ba0a96d01ffa2cd45eb1d1d8dd5c5\windows-amd64;C:\Users\palla\.gradle\native\5664cfc778a61ccfe75a443a1ab52a65af34e5dc3c78e0209fed803814484fcb\windows-amd64

VM Arguments:
jvm_args: --add-opens=java.base/java.util=ALL-UNNAMED --add-opens=java.base/java.lang=ALL-UNNAMED --add-opens=java.base/java.lang.invoke=ALL-UNNAMED --add-opens=java.base/java.util=ALL-UNNAMED --add-opens=java.prefs/java.util.prefs=ALL-UNNAMED --add-opens=java.prefs/java.util.prefs=ALL-UNNAMED --add-opens=java.base/java.nio.charset=ALL-UNNAMED --add-opens=java.base/java.net=ALL-UNNAMED --add-opens=java.base/java.util.concurrent.atomic=ALL-UNNAMED -Xmx2048m -Dfile.encoding=UTF-8 -Duser.country=IN -Duser.language=en -Duser.variant 
java_command: org.gradle.launcher.daemon.bootstrap.GradleDaemon 7.2
java_class_path (initial): C:\Users\palla\.gradle\wrapper\dists\gradle-7.2-bin\2dnblmf4td7x66yl1d74lt32g\gradle-7.2\lib\gradle-launcher-7.2.jar
Launcher Type: SUN_STANDARD

[Global flags]
     intx CICompilerCount                          = 3                                         {product} {ergonomic}
     uint ConcGCThreads                            = 1                                         {product} {ergonomic}
     uint G1ConcRefinementThreads                  = 4                                         {product} {ergonomic}
   size_t G1HeapRegionSize                         = 1048576                                   {product} {ergonomic}
    uintx GCDrainStackTargetSize                   = 64                                        {product} {ergonomic}
   size_t InitialHeapSize                          = 134217728                                 {product} {ergonomic}
   size_t MarkStackSize                            = 4194304                                   {product} {ergonomic}
   size_t MaxHeapSize                              = 2147483648                                {product} {command line}
   size_t MaxNewSize                               = 1287651328                                {product} {ergonomic}
   size_t MinHeapDeltaBytes                        = 1048576                                   {product} {ergonomic}
    uintx NonNMethodCodeHeapSize                   = 5830732                                {pd product} {ergonomic}
    uintx NonProfiledCodeHeapSize                  = 122913754                              {pd product} {ergonomic}
    uintx ProfiledCodeHeapSize                     = 122913754                              {pd product} {ergonomic}
    uintx ReservedCodeCacheSize                    = 251658240                              {pd product} {ergonomic}
     bool SegmentedCodeCache                       = true                                      {product} {ergonomic}
     bool UseCompressedClassPointers               = true                                 {lp64_product} {ergonomic}
     bool UseCompressedOops                        = true                                 {lp64_product} {ergonomic}
     bool UseG1GC                                  = true                                      {product} {ergonomic}
     bool UseLargePagesIndividualAllocation        = false                                  {pd product} {ergonomic}

Logging:
Log output configuration:
 #0: stdout all=warning uptime,level,tags
 #1: stderr all=off uptime,level,tags

Environment Variables:
PATH=C:\Program Files\Common Files\Oracle\Java\javapath;C:\Windows\system32;C:\Windows;C:\Windows\System32\Wbem;C:\Windows\System32\WindowsPowerShell\v1.0\;C:\Windows\System32\OpenSSH\;C:\Users\palla\AppData\Local\Microsoft\WindowsApps;
USERNAME=palla
OS=Windows_NT
PROCESSOR_IDENTIFIER=Intel64 Family 6 Model 60 Stepping 3, GenuineIntel



---------------  S Y S T E M  ---------------

OS: Windows 10 , 64 bit Build 19041 (10.0.19041.1566)
OS uptime: 0 days 7:16 hours

CPU:total 4 (initial active 4) (4 cores per cpu, 1 threads per core) family 6 model 60 stepping 3 microcode 0x27, cmov, cx8, fxsr, mmx, sse, sse2, sse3, ssse3, sse4.1, sse4.2, popcnt, avx, avx2, aes, clmul, erms, lzcnt, tsc, tscinvbit, bmi1, bmi2, fma

Memory: 4k page, system-wide physical 8073M (3265M free)
TotalPageFile size 9993M (AvailPageFile size 3968M)
current process WorkingSet (physical memory assigned to process): 456M, peak: 515M
current process commit charge ("private bytes"): 527M, peak: 546M

vm_info: OpenJDK 64-Bit Server VM (11.0.11+9-b60-7590822) for windows-amd64 JRE (11.0.11+9-b60-7590822), built on Jul 29 2021 21:43:44 by "builder" with MS VC++ 14.0 (VS2015)

END.
